Exporter version: 2.80.1, Blender version: 2.92.0
========= Conversion from Blender to Babylon.js =========
	Scene settings used :
		Inline textures     :  false
		Material Type       :  PBR
		Positions Precision :  4
		Normals Precision   :  3
		UVs Precision       :  3
		Vert Color Precision:  3
		Mat Weight Precision:  2
		Keep Z-up r-handed  :  no
		Texture directory   :  W:\Shkolacola\babylon\models\babylonProc\
	Python World class constructor completed
	WARNING: No active camera has been assigned, or is not in a currently selected Blender layer
	processing begun of mesh:  2EC5_v1a.005
		processing begun of material:  Material__3.002
			processing texture EC5_v1a_2
				texture type:  diffuseTexture, mapped using: "UVMap"
		Custom split normals with tangents being used
		num positions      :  25490
		num normals        :  25490
		num tangents       :  101960
		num uvs            :  50980
		num uvs2           :  0
		num colors         :  0
		num triangles      :  12041
========= Writing of JSON file started =========
	writing mesh:  2EC5_v1a.005
========= Writing of JSON file completed =========
========= end of processing =========
elapsed time:  0 min, 1.6036 secs
