Exporter version: 2.80.1, Blender version: 2.92.0
========= Conversion from Blender to Babylon.js =========
	Scene settings used :
		Inline textures     :  false
		Material Type       :  PBR
		Positions Precision :  4
		Normals Precision   :  3
		UVs Precision       :  3
		Vert Color Precision:  3
		Mat Weight Precision:  2
		Keep Z-up r-handed  :  no
		Texture directory   :  C:\Users\Virg\Desktop\New folder\
	Python World class constructor completed
	WARNING: No active camera has been assigned, or is not in a currently selected Blender layer
	processing begun of skeleton:  skeleton #0, id:  0
		processing begun of bone:  dummy_base_fuchs390_portal_anim1, index:  0
		processing begun of bone:  Bone001, index:  1
		processing begun of bone:  Bone002, index:  2
		processing begun of bone:  Bone003, index:  3
		processing begun of bone:  Bone004, index:  4
		processing begun of bone:  Bone005, index:  5
		processing begun of bone:  Bone007, index:  6
		processing begun of bone:  Bone006, index:  7
		processing action All Animations_skeleton #0:  in[0 - 160], out[0 - 160]
	processing begun of mesh:  fuchs390_portal_anim1
		processing begun of material:  Material #1
			processing texture Image_0
				texture type:  diffuseTexture, mapped using: "UVMap"
		Custom split normals with tangents being used
		num positions      :  5736
		num normals        :  5736
		num tangents       :  22944
		num uvs            :  11472
		num uvs2           :  0
		num colors         :  0
		num triangles      :  1912
		Skeleton stats:  
			Total Influencers:  5736
			Avg # of influencers per vertex:  1
			Highest # of influencers observed:  1, num vertices with this:  5736
			exported as 1 influencers
			num skeletonWeights and skeletonIndices:  22944
========= Writing of JSON file started =========
	writing mesh:  fuchs390_portal_anim1
========= Writing of JSON file completed =========
========= end of processing =========
elapsed time:  0 min, 1.1547 secs
