Exporter version: 2.80.1, Blender version: 2.92.0
========= Conversion from Blender to Babylon.js =========
	Scene settings used :
		Inline textures     :  false
		Material Type       :  PBR
		Positions Precision :  4
		Normals Precision   :  3
		UVs Precision       :  3
		Vert Color Precision:  3
		Mat Weight Precision:  2
		Keep Z-up r-handed  :  no
		Texture directory   :  W:\Shkolacola\gitted\babylonTrains\models\spec_Fuchs390_portal\
	Python World class constructor completed
	WARNING: No active camera has been assigned, or is not in a currently selected Blender layer
	processing begun of mesh:  Shassi
		processing begun of material:  Material #70
			processing texture Image_0
				texture type:  diffuseTexture, mapped using: "UVMap"
		Custom split normals with tangents being used
		num positions      :  1500
		num normals        :  1500
		num tangents       :  6000
		num uvs            :  3000
		num uvs2           :  0
		num colors         :  0
		num triangles      :  500
	processing begun of node:  Dummy_Base
	processing begun of mesh:  Body
		animation processing begun
			processing action All Animations_Body:  in[0 - 160], out[0 - 160]
		processing begun of material:  Material #70
		registered as also a user of material:  Material #70
		Custom split normals with tangents being used
		num positions      :  3438
		num normals        :  3438
		num tangents       :  13752
		num uvs            :  6876
		num uvs2           :  0
		num colors         :  0
		num triangles      :  1146
	processing begun of node:  Dummy_Jib_A
	processing begun of mesh:  Jib_A
		animation processing begun
			processing action All Animations_Jib_A:  in[0 - 160], out[0 - 160]
		processing begun of material:  Material #70
		registered as also a user of material:  Material #70
		Custom split normals with tangents being used
		num positions      :  60
		num normals        :  60
		num tangents       :  240
		num uvs            :  120
		num uvs2           :  0
		num colors         :  0
		num triangles      :  20
	processing begun of node:  DummyJib_B
	processing begun of mesh:  Jib_B
		animation processing begun
			processing action All Animations_Jib_B:  in[0 - 160], out[0 - 160]
		processing begun of material:  Material #70
		registered as also a user of material:  Material #70
		Custom split normals with tangents being used
		num positions      :  192
		num normals        :  192
		num tangents       :  768
		num uvs            :  384
		num uvs2           :  0
		num colors         :  0
		num triangles      :  64
	processing begun of node:  Dummy_Ladle_sup
	processing begun of mesh:  Ladle_support
		animation processing begun
			processing action All Animations_Ladle_support:  in[0 - 160], out[0 - 160]
		processing begun of material:  Material #70
		registered as also a user of material:  Material #70
		Custom split normals with tangents being used
		num positions      :  186
		num normals        :  186
		num tangents       :  744
		num uvs            :  372
		num uvs2           :  0
		num colors         :  0
		num triangles      :  62
	processing begun of node:  Dummy_Ladle_A
	processing begun of mesh:  Ladle_A
		animation processing begun
			processing action All Animations_Ladle_A:  in[0 - 160], out[0 - 160]
		processing begun of material:  Material #70
		registered as also a user of material:  Material #70
		Custom split normals with tangents being used
		num positions      :  180
		num normals        :  180
		num tangents       :  720
		num uvs            :  360
		num uvs2           :  0
		num colors         :  0
		num triangles      :  60
	processing begun of node:  Dummy_Ladle_B
	processing begun of mesh:  Ladle_B
		animation processing begun
			processing action All Animations_Ladle_B:  in[0 - 160], out[0 - 160]
		processing begun of material:  Material #70
		registered as also a user of material:  Material #70
		Custom split normals with tangents being used
		num positions      :  180
		num normals        :  180
		num tangents       :  720
		num uvs            :  360
		num uvs2           :  0
		num colors         :  0
		num triangles      :  60
========= Writing of JSON file started =========
	writing mesh:  Shassi
	writing mesh:  Body
	writing mesh:  Jib_A
	writing mesh:  Jib_B
	writing mesh:  Ladle_support
	writing mesh:  Ladle_A
	writing mesh:  Ladle_B
========= Writing of JSON file completed =========
========= end of processing =========
elapsed time:  0 min, 0.8957 secs
